<?xml version="1.0" encoding="UTF-8"?>
<testng-results skipped="0" failed="0" ignored="0" total="2" passed="2">
  <reporter-output>
  </reporter-output>
  <suite name="example suite 1" duration-ms="20" started-at="2022-03-13T10:30:43Z" finished-at="2022-03-13T10:30:43Z">
    <groups>
    </groups>
    <test name="Regression suite 1" duration-ms="20" started-at="2022-03-13T10:30:43Z" finished-at="2022-03-13T10:30:43Z">
      <class name="Test1.Class2">
        <test-method status="PASS" signature="secondtest()[pri:0, instance:Test1.Class2@2f7a2457]" name="secondtest" duration-ms="0" started-at="2022-03-13T10:30:43Z" finished-at="2022-03-13T10:30:43Z">
          <reporter-output>
          </reporter-output>
        </test-method> <!-- secondtest -->
      </class> <!-- Test1.Class2 -->
      <class name="Test1.Class1">
        <test-method status="PASS" signature="firsttest()[pri:0, instance:Test1.Class1@35f983a6]" name="firsttest" duration-ms="3" started-at="2022-03-13T10:30:43Z" finished-at="2022-03-13T10:30:43Z">
          <reporter-output>
          </reporter-output>
        </test-method> <!-- firsttest -->
      </class> <!-- Test1.Class1 -->
    </test> <!-- Regression suite 1 -->
  </suite> <!-- example suite 1 -->
</testng-results>
